{
  "RSpec": {
    "coverage": {
      "/Users/andrestarra/Documents/rails/lawfirm/app/helpers/affairs_helper.rb": [
        1,
        null
      ],
      "/Users/andrestarra/Documents/rails/lawfirm/app/helpers/application_helper.rb": [
        1,
        1,
        null,
        null,
        0,
        null,
        0,
        0,
        null,
        0,
        0,
        null,
        0,
        null,
        null,
        0,
        0,
        null,
        0,
        null,
        null,
        null,
        0,
        0,
        0,
        null,
        null,
        null,
        0,
        0,
        null,
        0,
        null,
        null,
        1,
        0,
        0,
        0,
        0,
        0,
        null,
        null,
        null
      ],
      "/Users/andrestarra/Documents/rails/lawfirm/app/helpers/assignments_helper.rb": [
        1,
        null
      ],
      "/Users/andrestarra/Documents/rails/lawfirm/app/helpers/attorneys_helper.rb": [
        1,
        null
      ],
      "/Users/andrestarra/Documents/rails/lawfirm/app/helpers/clients_helper.rb": [
        1,
        null
      ],
      "/Users/andrestarra/Documents/rails/lawfirm/app/helpers/welcome_helper.rb": [
        1,
        null
      ],
      "/Users/andrestarra/Documents/rails/lawfirm/app/controllers/clients_controller.rb": [
        null,
        null,
        null,
        1,
        1,
        7,
        null,
        null,
        1,
        0,
        null,
        null,
        1,
        0,
        null,
        null,
        1,
        0,
        null,
        null,
        1,
        0,
        null,
        0,
        0,
        0,
        null,
        0,
        0,
        null,
        null,
        null,
        1,
        0,
        null,
        0,
        0,
        0,
        null,
        0,
        0,
        null,
        null,
        null,
        1,
        0,
        null,
        0,
        0,
        0,
        null,
        0,
        0,
        null,
        null,
        null,
        1,
        null,
        1,
        0,
        null,
        null,
        null,
        null,
        null,
        null,
        null
      ],
      "/Users/andrestarra/Documents/rails/lawfirm/app/controllers/application_controller.rb": [
        null,
        null,
        null,
        1,
        1,
        1,
        1,
        null,
        1,
        0,
        0,
        null,
        0,
        0,
        null,
        null,
        null,
        null,
        null,
        null,
        null
      ],
      "/Users/andrestarra/Documents/rails/lawfirm/app/models/client.rb": [
        null,
        null,
        null,
        1,
        1,
        1,
        1,
        1,
        1,
        null
      ],
      "/Users/andrestarra/Documents/rails/lawfirm/app/models/affair.rb": [
        null,
        null,
        null,
        1,
        1,
        1,
        1,
        null,
        null,
        1,
        1,
        1,
        1,
        null
      ]
    },
    "timestamp": 1553294213
  }
}
